<?xml version="1.0" encoding="UTF-8"?>
<!-- Generated by org.testng.reporters.JUnitReportReporter -->
<testsuite hostname="Karuna-Temp85" failures="0" tests="1" name="testNGDemo.HWParellelGoogle" time="78.964" errors="0" timestamp="2023-06-07T21:16:38 IST" skipped="0">
  <testcase classname="testNGDemo.HWParellelGoogle" name="googleSearch" time="78.964"/>
  <system-out/>
</testsuite> <!-- testNGDemo.HWParellelGoogle -->
