<?xml version="1.0" encoding="UTF-8"?>
<!-- Generated by org.testng.reporters.JUnitReportReporter -->
<testsuite hostname="Karuna-Temp85" failures="0" tests="1" name="testNGDemo.ExtendedReportClass" time="16.147" errors="0" timestamp="2023-06-12T20:47:55 IST" skipped="0">
  <testcase classname="testNGDemo.ExtendedReportClass" name="loginTest" time="16.147"/>
  <system-out/>
</testsuite> <!-- testNGDemo.ExtendedReportClass -->
