<?xml version="1.0" encoding="UTF-8"?>
<!-- Generated by org.testng.reporters.JUnitReportReporter -->
<testsuite hostname="Karuna-Temp85" failures="0" tests="3" name="testNGDemo.TestNGGoogleTest" time="70.848" errors="0" timestamp="2023-06-06T20:16:20 IST" skipped="0">
  <testcase classname="testNGDemo.TestNGGoogleTest" name="googleTitleTest" time="14.941"/>
  <system-out/>
  <testcase classname="testNGDemo.TestNGGoogleTest" name="logoTest" time="11.975"/>
  <system-out/>
  <testcase classname="testNGDemo.TestNGGoogleTest" name="searchBox" time="43.932"/>
  <system-out/>
</testsuite> <!-- testNGDemo.TestNGGoogleTest -->
