<?xml version="1.0" encoding="UTF-8"?>
<!-- Generated by org.testng.reporters.JUnitReportReporter -->
<testsuite hostname="Karuna-Temp85" failures="0" tests="2" name="testNGDemo.DemoTestNG" time="0.022" errors="0" timestamp="2023-06-06T19:45:45 IST" skipped="0">
  <testcase classname="testNGDemo.DemoTestNG" name="googleseacrch" time="0.006"/>
  <system-out/>
  <testcase classname="testNGDemo.DemoTestNG" name="googleTitletest" time="0.016"/>
  <system-out/>
</testsuite> <!-- testNGDemo.DemoTestNG -->
