<?xml version="1.0" encoding="UTF-8"?>
<!-- Generated by org.testng.reporters.JUnitReportReporter -->
<testsuite hostname="Karuna-Temp85" failures="0" tests="3" name="testNGDemo.DataProviderToExcel" time="128.007" errors="0" timestamp="2023-06-07T21:34:08 IST" skipped="0">
  <testcase classname="testNGDemo.DataProviderToExcel" name="LoginTest" time="31.553"/>
  <system-out/>
  <testcase classname="testNGDemo.DataProviderToExcel" name="LoginTest" time="77.555"/>
  <system-out/>
  <testcase classname="testNGDemo.DataProviderToExcel" name="LoginTest" time="18.899"/>
  <system-out/>
</testsuite> <!-- testNGDemo.DataProviderToExcel -->
